<?xml version="1.0" encoding="utf-8"?><testsuites name="pytest tests"><testsuite name="pytest" errors="0" failures="0" skipped="0" tests="17" time="1.565" timestamp="2026-02-12T13:55:26.551596+00:00" hostname="agent-env-c14596ab-8126-4ce7-9a83-99749e8dd455"><testcase classname="backend.tests.test_datasources_api.TestDataSourcesCRUD" name="test_01_get_datasources_list" time="0.075" /><testcase classname="backend.tests.test_datasources_api.TestDataSourcesCRUD" name="test_02_create_datasource" time="0.056" /><testcase classname="backend.tests.test_datasources_api.TestDataSourcesCRUD" name="test_03_get_datasource_detail" time="0.047" /><testcase classname="backend.tests.test_datasources_api.TestDataSourcesCRUD" name="test_04_get_datasource_not_found" time="0.051" /><testcase classname="backend.tests.test_datasources_api.TestDataSourcesCRUD" name="test_05_update_datasource" time="0.046" /><testcase classname="backend.tests.test_datasources_api.TestDataSourcesCRUD" name="test_06_update_datasource_not_found" time="0.048" /><testcase classname="backend.tests.test_datasources_api.TestDataSourcesFetch" name="test_01_fetch_datasource" time="0.176" /><testcase classname="backend.tests.test_datasources_api.TestDataSourcesFetch" name="test_02_fetch_datasource_not_found" time="0.049" /><testcase classname="backend.tests.test_datasources_api.TestDataSourcesFetch" name="test_03_get_collected_data" time="0.046" /><testcase classname="backend.tests.test_datasources_api.TestDataSourcesFetch" name="test_04_get_collected_data_with_filter" time="0.118" /><testcase classname="backend.tests.test_datasources_api.TestDataSourcesFetch" name="test_05_get_collected_data_with_limit" time="0.071" /><testcase classname="backend.tests.test_datasources_api.TestDataSourcesDelete" name="test_01_delete_datasource" time="0.156" /><testcase classname="backend.tests.test_datasources_api.TestDataSourcesDelete" name="test_02_delete_datasource_not_found" time="0.042" /><testcase classname="backend.tests.test_datasources_api.TestDataSourcesProcess" name="test_01_process_datasource" time="0.240" /><testcase classname="backend.tests.test_datasources_api.TestDataSourcesProcess" name="test_02_process_datasource_not_found" time="0.042" /><testcase classname="backend.tests.test_datasources_api.TestDataSourcesPolling" name="test_01_start_polling" time="0.096" /><testcase classname="backend.tests.test_datasources_api.TestDataSourcesPolling" name="test_02_stop_polling" time="0.112" /></testsuite></testsuites>