<?xml version="1.0" encoding="utf-8"?><testsuites name="pytest tests"><testsuite name="pytest" errors="0" failures="1" skipped="0" tests="10" time="21.288" timestamp="2026-02-14T12:53:11.995150+00:00" hostname="agent-env-37a6d43b-cee9-4cc2-be99-6b11dec0ec40"><testcase classname="backend.tests.test_gvic_showcase.TestGVICShowcaseAIAnalyze" name="test_ai_analyze_product_review" time="5.229" /><testcase classname="backend.tests.test_gvic_showcase.TestGVICShowcaseAIAnalyze" name="test_ai_analyze_requirement" time="4.009" /><testcase classname="backend.tests.test_gvic_showcase.TestGVICShowcaseAIAnalyze" name="test_ai_analyze_mixed_sentiment" time="4.295" /><testcase classname="backend.tests.test_gvic_showcase.TestGVICShowcaseAIAnalyze" name="test_ai_analyze_empty_content" time="2.671"><failure message="AssertionError: Expected error status, got 520&#10;assert 520 in [400, 422, 500]&#10; +  where 520 = &lt;Response [520]&gt;.status_code">backend/tests/test_gvic_showcase.py:138: in test_ai_analyze_empty_content
    assert response.status_code in [400, 422, 500], f"Expected error status, got {response.status_code}"
E   AssertionError: Expected error status, got 520
E   assert 520 in [400, 422, 500]
E    +  where 520 = &lt;Response [520]&gt;.status_code</failure></testcase><testcase classname="backend.tests.test_gvic_showcase.TestGVICShowcaseAIAnalyze" name="test_ai_analyze_unauthorized" time="0.100" /><testcase classname="backend.tests.test_gvic_showcase.TestGVICAssets" name="test_get_assets_list" time="0.109" /><testcase classname="backend.tests.test_gvic_showcase.TestGVICAssets" name="test_create_asset" time="0.336" /><testcase classname="backend.tests.test_gvic_showcase.TestGVICAssets" name="test_get_asset_not_found" time="0.099" /><testcase classname="backend.tests.test_gvic_showcase.TestGVICAssets" name="test_delete_asset" time="0.325" /><testcase classname="backend.tests.test_gvic_showcase.TestGVICShowcaseIntegration" name="test_full_flow_analyze_and_save" time="4.026" /></testsuite></testsuites>