<?xml version="1.0" encoding="utf-8"?><testsuites name="pytest tests"><testsuite name="pytest" errors="0" failures="0" skipped="0" tests="10" time="21.318" timestamp="2026-02-14T12:56:25.252682+00:00" hostname="agent-env-37a6d43b-cee9-4cc2-be99-6b11dec0ec40"><testcase classname="backend.tests.test_gvic_showcase.TestGVICShowcaseAIAnalyze" name="test_ai_analyze_product_review" time="4.452" /><testcase classname="backend.tests.test_gvic_showcase.TestGVICShowcaseAIAnalyze" name="test_ai_analyze_requirement" time="5.625" /><testcase classname="backend.tests.test_gvic_showcase.TestGVICShowcaseAIAnalyze" name="test_ai_analyze_mixed_sentiment" time="4.356" /><testcase classname="backend.tests.test_gvic_showcase.TestGVICShowcaseAIAnalyze" name="test_ai_analyze_empty_content" time="2.334" /><testcase classname="backend.tests.test_gvic_showcase.TestGVICShowcaseAIAnalyze" name="test_ai_analyze_unauthorized" time="0.153" /><testcase classname="backend.tests.test_gvic_showcase.TestGVICAssets" name="test_get_assets_list" time="0.124" /><testcase classname="backend.tests.test_gvic_showcase.TestGVICAssets" name="test_create_asset" time="0.312" /><testcase classname="backend.tests.test_gvic_showcase.TestGVICAssets" name="test_get_asset_not_found" time="0.137" /><testcase classname="backend.tests.test_gvic_showcase.TestGVICAssets" name="test_delete_asset" time="0.291" /><testcase classname="backend.tests.test_gvic_showcase.TestGVICShowcaseIntegration" name="test_full_flow_analyze_and_save" time="3.457" /></testsuite></testsuites>