<?xml version="1.0" encoding="utf-8"?><testsuites name="pytest tests"><testsuite name="pytest" errors="0" failures="0" skipped="0" tests="29" time="5.212" timestamp="2026-02-16T12:22:03.887192+00:00" hostname="agent-env-9d96e2d5-5906-4cf6-9e39-f9a07e5ed832"><testcase classname="tests.test_improvement_assets.TestImprovementAssetsAPI" name="test_get_hs_codes_list" time="0.648" /><testcase classname="tests.test_improvement_assets.TestImprovementAssetsAPI" name="test_get_hs_code_detail_earphone" time="0.115" /><testcase classname="tests.test_improvement_assets.TestImprovementAssetsAPI" name="test_get_hs_code_detail_smartphone" time="0.128" /><testcase classname="tests.test_improvement_assets.TestImprovementAssetsAPI" name="test_get_hs_code_detail_shoes" time="0.127" /><testcase classname="tests.test_improvement_assets.TestImprovementAssetsAPI" name="test_get_hs_code_not_found" time="0.115" /><testcase classname="tests.test_improvement_assets.TestImprovementAssetsAPI" name="test_suggest_hs_code_airpod" time="0.122" /><testcase classname="tests.test_improvement_assets.TestImprovementAssetsAPI" name="test_suggest_hs_code_sneakers" time="0.484" /><testcase classname="tests.test_improvement_assets.TestImprovementAssetsAPI" name="test_suggest_hs_code_laptop" time="0.114" /><testcase classname="tests.test_improvement_assets.TestImprovementAssetsAPI" name="test_suggest_hs_code_no_match" time="0.110" /><testcase classname="tests.test_improvement_assets.TestImprovementAssetsAPI" name="test_set_product_hs_code" time="0.111" /><testcase classname="tests.test_improvement_assets.TestImprovementAssetsAPI" name="test_set_product_hs_code_not_found" time="0.138" /><testcase classname="tests.test_improvement_assets.TestImprovementAssetsAPI" name="test_accumulate_improvements_manual" time="0.163" /><testcase classname="tests.test_improvement_assets.TestImprovementAssetsAPI" name="test_accumulate_improvements_duplicate_increases_frequency" time="0.109" /><testcase classname="tests.test_improvement_assets.TestImprovementAssetsAPI" name="test_accumulate_from_analysis" time="0.407" /><testcase classname="tests.test_improvement_assets.TestImprovementAssetsAPI" name="test_accumulate_from_analysis_not_found" time="0.108" /><testcase classname="tests.test_improvement_assets.TestImprovementAssetsAPI" name="test_get_category_assets" time="0.124" /><testcase classname="tests.test_improvement_assets.TestImprovementAssetsAPI" name="test_get_category_assets_empty" time="0.122" /><testcase classname="tests.test_improvement_assets.TestImprovementAssetsAPI" name="test_get_category_checklist" time="0.109" /><testcase classname="tests.test_improvement_assets.TestImprovementAssetsAPI" name="test_get_asset_stats_overview" time="0.128" /><testcase classname="tests.test_improvement_assets.TestImprovementAssetsAPI" name="test_insights_analyze_with_auto_accumulate" time="0.354" /><testcase classname="tests.test_improvement_assets.TestImprovementAssetsAPI" name="test_insights_analyze_without_auto_accumulate" time="0.324" /><testcase classname="tests.test_improvement_assets.TestImprovementAssetsAPI" name="test_auth_required_hs_codes" time="0.109" /><testcase classname="tests.test_improvement_assets.TestImprovementAssetsAPI" name="test_auth_required_suggest_hs_code" time="0.116" /><testcase classname="tests.test_improvement_assets.TestImprovementAssetsAPI" name="test_auth_required_accumulate" time="0.113" /><testcase classname="tests.test_improvement_assets.TestImprovementAssetsAPI" name="test_auth_required_category_assets" time="0.117" /><testcase classname="tests.test_improvement_assets.TestImprovementAssetsAPI" name="test_auth_required_checklist" time="0.115" /><testcase classname="tests.test_improvement_assets.TestImprovementAssetsAPI" name="test_auth_required_stats_overview" time="0.117" /><testcase classname="tests.test_improvement_assets.TestImprovementAssetsAPI" name="test_improvement_types_validation" time="0.130" /><testcase classname="tests.test_improvement_assets.TestImprovementAssetsAPI" name="test_cleanup_test_data" time="0.108" /></testsuite></testsuites>