<?xml version="1.0" encoding="utf-8"?><testsuites name="pytest tests"><testsuite name="pytest" errors="0" failures="0" skipped="0" tests="45" time="22.397" timestamp="2026-02-16T10:03:15.475335+00:00" hostname="agent-env-6546a417-f22f-4a1a-b857-b4bd80a94514"><testcase classname="tests.test_patent_modules.TestJPlatform" name="test_get_input_channels" time="0.691" /><testcase classname="tests.test_patent_modules.TestJPlatform" name="test_get_input_stats" time="0.115" /><testcase classname="tests.test_patent_modules.TestJPlatform" name="test_validate_input" time="0.109" /><testcase classname="tests.test_patent_modules.TestJPlatform" name="test_validate_input_empty" time="0.115" /><testcase classname="tests.test_patent_modules.TestLLIntelligence" name="test_get_intent_types" time="0.437" /><testcase classname="tests.test_patent_modules.TestLLIntelligence" name="test_get_intelligence_stats" time="0.110" /><testcase classname="tests.test_patent_modules.TestLLIntelligence" name="test_analyze_intent" time="5.946" /><testcase classname="tests.test_patent_modules.TestLLIntelligence" name="test_classify_signal" time="6.310" /><testcase classname="tests.test_patent_modules.TestHCore" name="test_get_532_theory" time="0.468" /><testcase classname="tests.test_patent_modules.TestHCore" name="test_calculate_532_distribution" time="0.100" /><testcase classname="tests.test_patent_modules.TestHCore" name="test_get_sigma_config" time="0.111" /><testcase classname="tests.test_patent_modules.TestHCore" name="test_get_omega_config" time="0.124" /><testcase classname="tests.test_patent_modules.TestHCore" name="test_get_core_stats" time="0.100" /><testcase classname="tests.test_patent_modules.TestAGate" name="test_get_gate_rules" time="0.434" /><testcase classname="tests.test_patent_modules.TestAGate" name="test_get_gate_stats" time="0.126" /><testcase classname="tests.test_patent_modules.TestAGate" name="test_evaluate_signal" time="0.113" /><testcase classname="tests.test_patent_modules.TestEShield" name="test_security_scan" time="0.439" /><testcase classname="tests.test_patent_modules.TestEShield" name="test_security_scan_threat" time="0.105" /><testcase classname="tests.test_patent_modules.TestEShield" name="test_generate_hash" time="0.101" /><testcase classname="tests.test_patent_modules.TestEShield" name="test_get_shield_status" time="0.103" /><testcase classname="tests.test_patent_modules.TestEShield" name="test_get_threat_report" time="0.114" /><testcase classname="tests.test_patent_modules.TestGRefine" name="test_clean_content" time="0.439" /><testcase classname="tests.test_patent_modules.TestGRefine" name="test_normalize_content" time="0.111" /><testcase classname="tests.test_patent_modules.TestGRefine" name="test_extract_keywords" time="0.104" /><testcase classname="tests.test_patent_modules.TestGRefine" name="test_summarize_content" time="0.112" /><testcase classname="tests.test_patent_modules.TestGRefine" name="test_get_refine_options" time="0.098" /><testcase classname="tests.test_patent_modules.TestBCalc" name="test_calculate_asset_value" time="0.428" /><testcase classname="tests.test_patent_modules.TestBCalc" name="test_calculate_reward_distribution" time="0.107" /><testcase classname="tests.test_patent_modules.TestBCalc" name="test_get_pricing_strategies" time="0.119" /><testcase classname="tests.test_patent_modules.TestBCalc" name="test_get_calc_stats" time="0.386" /><testcase classname="tests.test_patent_modules.TestCExec" name="test_get_available_actions" time="0.428" /><testcase classname="tests.test_patent_modules.TestCExec" name="test_get_execution_queue" time="0.138" /><testcase classname="tests.test_patent_modules.TestCExec" name="test_get_execution_history" time="0.138" /><testcase classname="tests.test_patent_modules.TestFField" name="test_browse_marketplace" time="1.568" /><testcase classname="tests.test_patent_modules.TestFField" name="test_get_marketplace_stats" time="0.096" /><testcase classname="tests.test_patent_modules.TestDLedger" name="test_record_transaction" time="0.429" /><testcase classname="tests.test_patent_modules.TestDLedger" name="test_query_ledger" time="0.100" /><testcase classname="tests.test_patent_modules.TestDLedger" name="test_verify_chain" time="0.101" /><testcase classname="tests.test_patent_modules.TestDLedger" name="test_get_account_balance" time="0.117" /><testcase classname="tests.test_patent_modules.TestDLedger" name="test_get_latest_blocks" time="0.110" /><testcase classname="tests.test_patent_modules.TestIIntegrity" name="test_get_system_health" time="0.425" /><testcase classname="tests.test_patent_modules.TestIIntegrity" name="test_get_integrity_stats" time="0.100" /><testcase classname="tests.test_patent_modules.TestIIntegrity" name="test_run_system_integrity_check" time="0.116" /><testcase classname="tests.test_patent_modules.TestIIntegrity" name="test_get_audit_logs" time="0.101" /><testcase classname="tests.test_patent_modules.TestIIntegrity" name="test_create_audit_log" time="0.126" /></testsuite></testsuites>