<?xml version="1.0" encoding="utf-8"?><testsuites name="pytest tests"><testsuite name="pytest" errors="0" failures="0" skipped="0" tests="21" time="5.720" timestamp="2026-02-16T10:22:59.900639+00:00" hostname="agent-env-6546a417-f22f-4a1a-b857-b4bd80a94514"><testcase classname="backend.tests.test_patent_f_field.TestResourceProjectionEngine" name="test_project_resources_basic" time="1.065" /><testcase classname="backend.tests.test_patent_f_field.TestResourceProjectionEngine" name="test_get_projection_result" time="0.255" /><testcase classname="backend.tests.test_patent_f_field.TestResourceProjectionEngine" name="test_projection_not_found" time="0.104" /><testcase classname="backend.tests.test_patent_f_field.TestFactoryEquilibriumController" name="test_get_factory_balance" time="0.108" /><testcase classname="backend.tests.test_patent_f_field.TestFactoryEquilibriumController" name="test_rebalance_factory" time="0.119" /><testcase classname="backend.tests.test_patent_f_field.TestFactoryEquilibriumController" name="test_rebalance_specific_region" time="0.110" /><testcase classname="backend.tests.test_patent_f_field.TestEntropyReversalUnit" name="test_get_entropy_status" time="0.106" /><testcase classname="backend.tests.test_patent_f_field.TestEntropyReversalUnit" name="test_entropy_feedback_to_refine" time="0.096" /><testcase classname="backend.tests.test_patent_f_field.TestThermodynamicKillSwitch" name="test_get_thresholds" time="1.235" /><testcase classname="backend.tests.test_patent_f_field.TestThermodynamicKillSwitch" name="test_activate_kill_switch" time="0.123" /><testcase classname="backend.tests.test_patent_f_field.TestThermodynamicKillSwitch" name="test_restore_node" time="0.270" /><testcase classname="backend.tests.test_patent_f_field.TestThermodynamicKillSwitch" name="test_auto_check_kill_switch" time="0.114" /><testcase classname="backend.tests.test_patent_f_field.TestHardwareStateCorrector" name="test_hardware_correction" time="0.097" /><testcase classname="backend.tests.test_patent_f_field.TestPhaseAlignmentEngine" name="test_phase_alignment" time="0.423" /><testcase classname="backend.tests.test_patent_f_field.TestPhaseAlignmentEngine" name="test_phase_alignment_no_executions" time="0.099" /><testcase classname="backend.tests.test_patent_f_field.TestDLedgerSync" name="test_sync_to_ledger" time="0.219" /><testcase classname="backend.tests.test_patent_f_field.TestDLedgerSync" name="test_sync_to_ledger_not_found" time="0.110" /><testcase classname="backend.tests.test_patent_f_field.TestIntegrityVerification" name="test_verify_with_integrity" time="0.304" /><testcase classname="backend.tests.test_patent_f_field.TestIntegrityVerification" name="test_verify_not_found" time="0.103" /><testcase classname="backend.tests.test_patent_f_field.TestFieldStats" name="test_get_field_stats" time="0.126" /><testcase classname="backend.tests.test_patent_f_field.TestEndToEndFlow" name="test_complete_flow" time="0.437" /></testsuite></testsuites>