<?xml version="1.0" encoding="utf-8"?><testsuites name="pytest tests"><testsuite name="pytest" errors="0" failures="0" skipped="0" tests="35" time="8.028" timestamp="2026-02-16T12:30:54.629053+00:00" hostname="agent-env-9d96e2d5-5906-4cf6-9e39-f9a07e5ed832"><testcase classname="backend.tests.test_payment_apis.TestSubscriptionPlans" name="test_get_all_plans" time="0.265" /><testcase classname="backend.tests.test_payment_apis.TestSubscriptionPlans" name="test_get_free_plan_detail" time="0.112" /><testcase classname="backend.tests.test_payment_apis.TestSubscriptionPlans" name="test_get_starter_plan_detail" time="0.150" /><testcase classname="backend.tests.test_payment_apis.TestSubscriptionPlans" name="test_get_growth_plan_detail" time="0.110" /><testcase classname="backend.tests.test_payment_apis.TestSubscriptionPlans" name="test_get_pro_plan_detail" time="0.109" /><testcase classname="backend.tests.test_payment_apis.TestSubscriptionPlans" name="test_get_enterprise_plan_detail" time="0.112" /><testcase classname="backend.tests.test_payment_apis.TestSubscriptionPlans" name="test_get_nonexistent_plan" time="0.128" /><testcase classname="backend.tests.test_payment_apis.TestCheckoutSession" name="test_create_checkout_session_starter" time="0.975" /><testcase classname="backend.tests.test_payment_apis.TestCheckoutSession" name="test_create_checkout_session_growth_yearly" time="0.494" /><testcase classname="backend.tests.test_payment_apis.TestCheckoutSession" name="test_create_checkout_session_pro" time="0.484" /><testcase classname="backend.tests.test_payment_apis.TestCheckoutSession" name="test_create_checkout_session_free_plan_error" time="0.126" /><testcase classname="backend.tests.test_payment_apis.TestCheckoutSession" name="test_create_checkout_session_enterprise_error" time="0.110" /><testcase classname="backend.tests.test_payment_apis.TestCheckoutSession" name="test_create_checkout_session_invalid_plan" time="0.141" /><testcase classname="backend.tests.test_payment_apis.TestCheckoutSession" name="test_create_checkout_session_requires_auth" time="0.125" /><testcase classname="backend.tests.test_payment_apis.TestCheckoutStatus" name="test_get_checkout_status_nonexistent" time="0.483" /><testcase classname="backend.tests.test_payment_apis.TestCheckoutStatus" name="test_get_checkout_status_requires_auth" time="0.126" /><testcase classname="backend.tests.test_payment_apis.TestSubscriptionStatus" name="test_get_subscription_status" time="0.477" /><testcase classname="backend.tests.test_payment_apis.TestSubscriptionStatus" name="test_get_subscription_status_requires_auth" time="0.104" /><testcase classname="backend.tests.test_payment_apis.TestSubscriptionCancel" name="test_cancel_subscription_free_plan_error" time="0.585" /><testcase classname="backend.tests.test_payment_apis.TestSubscriptionCancel" name="test_cancel_subscription_requires_auth" time="0.107" /><testcase classname="backend.tests.test_payment_apis.TestPaymentTransactions" name="test_get_transactions" time="0.445" /><testcase classname="backend.tests.test_payment_apis.TestPaymentTransactions" name="test_get_transactions_requires_auth" time="0.106" /><testcase classname="backend.tests.test_payment_apis.TestUsageTracking" name="test_check_usage_limit" time="0.462" /><testcase classname="backend.tests.test_payment_apis.TestUsageTracking" name="test_record_usage" time="0.282" /><testcase classname="backend.tests.test_payment_apis.TestUsageTracking" name="test_usage_check_requires_auth" time="0.145" /><testcase classname="backend.tests.test_payment_apis.TestUsageTracking" name="test_usage_record_requires_auth" time="0.113" /><testcase classname="backend.tests.test_payment_apis.TestStripeWebhook" name="test_webhook_endpoint_exists" time="0.131" /><testcase classname="backend.tests.test_payment_apis.TestStripeWebhook" name="test_webhook_handles_invalid_signature" time="0.130" /><testcase classname="backend.tests.test_payment_apis.TestAuthRequired" name="test_checkout_session_requires_auth" time="0.103" /><testcase classname="backend.tests.test_payment_apis.TestAuthRequired" name="test_checkout_status_requires_auth" time="0.106" /><testcase classname="backend.tests.test_payment_apis.TestAuthRequired" name="test_subscription_status_requires_auth" time="0.109" /><testcase classname="backend.tests.test_payment_apis.TestAuthRequired" name="test_subscription_cancel_requires_auth" time="0.106" /><testcase classname="backend.tests.test_payment_apis.TestAuthRequired" name="test_transactions_requires_auth" time="0.118" /><testcase classname="backend.tests.test_payment_apis.TestAuthRequired" name="test_usage_check_requires_auth" time="0.117" /><testcase classname="backend.tests.test_payment_apis.TestAuthRequired" name="test_usage_record_requires_auth" time="0.104" /></testsuite></testsuites>