<?xml version="1.0" encoding="utf-8"?><testsuites name="pytest tests"><testsuite name="pytest" errors="0" failures="0" skipped="0" tests="29" time="1.892" timestamp="2026-02-12T13:01:23.544200+00:00" hostname="agent-env-8d1e5334-f01d-4b0a-a283-663836d5c962"><testcase classname="backend.tests.test_gvic_api.TestDashboardAPI" name="test_root_endpoint" time="0.089" /><testcase classname="backend.tests.test_gvic_api.TestDashboardAPI" name="test_dashboard_endpoint" time="0.053" /><testcase classname="backend.tests.test_gvic_api.TestDashboardAPI" name="test_system_status_endpoint" time="0.048" /><testcase classname="backend.tests.test_gvic_api.TestProcessAPI" name="test_process_valid_value" time="0.054" /><testcase classname="backend.tests.test_gvic_api.TestProcessAPI" name="test_process_boundary_values" time="0.083" /><testcase classname="backend.tests.test_gvic_api.TestProcessAPI" name="test_process_invalid_value" time="0.094" /><testcase classname="backend.tests.test_gvic_api.TestProcessAPI" name="test_process_history" time="0.044" /><testcase classname="backend.tests.test_gvic_api.TestConfigurationAPI" name="test_get_sigma" time="0.042" /><testcase classname="backend.tests.test_gvic_api.TestConfigurationAPI" name="test_update_sigma_valid" time="0.121" /><testcase classname="backend.tests.test_gvic_api.TestConfigurationAPI" name="test_update_sigma_invalid_sum" time="0.080" /><testcase classname="backend.tests.test_gvic_api.TestConfigurationAPI" name="test_get_omega" time="0.037" /><testcase classname="backend.tests.test_gvic_api.TestConfigurationAPI" name="test_update_omega" time="0.162" /><testcase classname="backend.tests.test_gvic_api.TestConfigurationAPI" name="test_get_all_config" time="0.035" /><testcase classname="backend.tests.test_gvic_api.TestIOAPI" name="test_process_io_json" time="0.035" /><testcase classname="backend.tests.test_gvic_api.TestIOAPI" name="test_process_io_csv" time="0.042" /><testcase classname="backend.tests.test_gvic_api.TestIOAPI" name="test_process_io_key_value" time="0.081" /><testcase classname="backend.tests.test_gvic_api.TestIOAPI" name="test_io_statistics" time="0.036" /><testcase classname="backend.tests.test_gvic_api.TestAlertAPI" name="test_get_alerts" time="0.034" /><testcase classname="backend.tests.test_gvic_api.TestAlertAPI" name="test_health_check" time="0.082" /><testcase classname="backend.tests.test_gvic_api.TestLogAPI" name="test_get_logs" time="0.044" /><testcase classname="backend.tests.test_gvic_api.TestLogAPI" name="test_create_log" time="0.037" /><testcase classname="backend.tests.test_gvic_api.TestLogAPI" name="test_log_statistics" time="0.041" /><testcase classname="backend.tests.test_gvic_api.TestModuleAPI" name="test_get_modules" time="0.038" /><testcase classname="backend.tests.test_gvic_api.TestIntegrationAPI" name="test_get_integration_status" time="0.034" /><testcase classname="backend.tests.test_gvic_api.TestIntegrationAPI" name="test_get_adapters" time="0.043" /><testcase classname="backend.tests.test_gvic_api.TestIntegrationAPI" name="test_get_mappings" time="0.035" /><testcase classname="backend.tests.test_gvic_api.TestIntegrationAPI" name="test_get_routing_rules" time="0.034" /><testcase classname="backend.tests.test_gvic_api.TestIntegrationAPI" name="test_execute_exchange" time="0.077" /><testcase classname="backend.tests.test_gvic_api.TestIntegrationAPI" name="test_create_adapter" time="0.037" /></testsuite></testsuites>