<?xml version="1.0" encoding="utf-8"?><testsuites name="pytest tests"><testsuite name="pytest" errors="0" failures="0" skipped="0" tests="20" time="7.305" timestamp="2026-02-16T11:43:03.485394+00:00" hostname="agent-env-9d96e2d5-5906-4cf6-9e39-f9a07e5ed832"><testcase classname="tests.test_saas_apis.TestReviewAnalyzer" name="test_analyze_batch_reviews" time="0.487" /><testcase classname="tests.test_saas_apis.TestReviewAnalyzer" name="test_analyze_single_review" time="0.126" /><testcase classname="tests.test_saas_apis.TestReviewAnalyzer" name="test_review_dashboard_summary" time="0.120" /><testcase classname="tests.test_saas_apis.TestQAManager" name="test_create_qa_items_batch" time="0.567" /><testcase classname="tests.test_saas_apis.TestQAManager" name="test_get_qa_items" time="0.105" /><testcase classname="tests.test_saas_apis.TestQAManager" name="test_get_qa_items_filtered" time="0.103" /><testcase classname="tests.test_saas_apis.TestQAManager" name="test_get_qa_stats" time="0.118" /><testcase classname="tests.test_saas_apis.TestQAManager" name="test_generate_faq" time="0.109" /><testcase classname="tests.test_saas_apis.TestDashboardService" name="test_dashboard_overview" time="0.622" /><testcase classname="tests.test_saas_apis.TestDashboardService" name="test_insights_532" time="0.150" /><testcase classname="tests.test_saas_apis.TestDashboardService" name="test_action_items" time="0.105" /><testcase classname="tests.test_saas_apis.TestDashboardService" name="test_full_dashboard" time="1.600" /><testcase classname="tests.test_saas_apis.TestCrawlIntegration" name="test_crawl_and_analyze" time="1.927" /><testcase classname="tests.test_saas_apis.TestCrawlIntegration" name="test_create_sample_crawl_data" time="0.261" /><testcase classname="tests.test_saas_apis.TestCrawlIntegration" name="test_analyze_existing_crawl" time="0.334" /><testcase classname="tests.test_saas_apis.TestCrawlIntegration" name="test_analyze_nonexistent_crawl" time="0.103" /><testcase classname="tests.test_saas_apis.TestAuthRequired" name="test_review_analyze_requires_auth" time="0.098" /><testcase classname="tests.test_saas_apis.TestAuthRequired" name="test_qa_items_requires_auth" time="0.100" /><testcase classname="tests.test_saas_apis.TestAuthRequired" name="test_dashboard_requires_auth" time="0.099" /><testcase classname="tests.test_saas_apis.TestAuthRequired" name="test_crawl_requires_auth" time="0.098" /></testsuite></testsuites>