<?xml version="1.0" encoding="utf-8"?><testsuites name="pytest tests"><testsuite name="pytest" errors="0" failures="0" skipped="0" tests="33" time="11.510" timestamp="2026-02-16T12:03:39.062139+00:00" hostname="agent-env-9d96e2d5-5906-4cf6-9e39-f9a07e5ed832"><testcase classname="backend.tests.test_shop_insights_apis.TestShopCRUD" name="test_create_shop" time="0.668" /><testcase classname="backend.tests.test_shop_insights_apis.TestShopCRUD" name="test_create_shop_duplicate_url" time="0.346" /><testcase classname="backend.tests.test_shop_insights_apis.TestShopCRUD" name="test_get_shops_list" time="0.116" /><testcase classname="backend.tests.test_shop_insights_apis.TestShopCRUD" name="test_get_shop_detail" time="0.156" /><testcase classname="backend.tests.test_shop_insights_apis.TestShopCRUD" name="test_get_shop_not_found" time="0.118" /><testcase classname="backend.tests.test_shop_insights_apis.TestShopCRUD" name="test_update_shop" time="0.203" /><testcase classname="backend.tests.test_shop_insights_apis.TestProductCRUD" name="test_create_product" time="0.609" /><testcase classname="backend.tests.test_shop_insights_apis.TestProductCRUD" name="test_create_product_invalid_shop" time="0.144" /><testcase classname="backend.tests.test_shop_insights_apis.TestProductCRUD" name="test_get_products_list" time="0.266" /><testcase classname="backend.tests.test_shop_insights_apis.TestProductCRUD" name="test_get_product_detail" time="0.115" /><testcase classname="backend.tests.test_shop_insights_apis.TestProductCRUD" name="test_update_product" time="0.220" /><testcase classname="backend.tests.test_shop_insights_apis.TestAnalysisSchedule" name="test_set_daily_schedule" time="0.633" /><testcase classname="backend.tests.test_shop_insights_apis.TestAnalysisSchedule" name="test_set_weekly_schedule" time="0.116" /><testcase classname="backend.tests.test_shop_insights_apis.TestAnalysisSchedule" name="test_set_weekly_schedule_missing_day" time="0.105" /><testcase classname="backend.tests.test_shop_insights_apis.TestAnalysisSchedule" name="test_set_monthly_schedule" time="0.118" /><testcase classname="backend.tests.test_shop_insights_apis.TestAnalysisSchedule" name="test_set_monthly_schedule_missing_day" time="0.112" /><testcase classname="backend.tests.test_shop_insights_apis.TestWebhook" name="test_set_webhook" time="0.555" /><testcase classname="backend.tests.test_shop_insights_apis.TestAPIKeys" name="test_create_api_key" time="0.452" /><testcase classname="backend.tests.test_shop_insights_apis.TestAPIKeys" name="test_get_api_keys_list" time="0.253" /><testcase classname="backend.tests.test_shop_insights_apis.TestAPIKeys" name="test_delete_api_key" time="0.961" /><testcase classname="backend.tests.test_shop_insights_apis.TestOnboarding" name="test_get_onboarding_status" time="0.453" /><testcase classname="backend.tests.test_shop_insights_apis.TestShopStats" name="test_get_stats_overview" time="1.339" /><testcase classname="backend.tests.test_shop_insights_apis.TestProductInsights" name="test_analyze_four_insights" time="0.674" /><testcase classname="backend.tests.test_shop_insights_apis.TestProductInsights" name="test_get_product_insights_history" time="0.226" /><testcase classname="backend.tests.test_shop_insights_apis.TestProductInsights" name="test_get_analysis_detail" time="0.231" /><testcase classname="backend.tests.test_shop_insights_apis.TestProductInsights" name="test_get_analysis_not_found" time="0.117" /><testcase classname="backend.tests.test_shop_insights_apis.TestAuthRequired" name="test_shop_create_requires_auth" time="0.094" /><testcase classname="backend.tests.test_shop_insights_apis.TestAuthRequired" name="test_shop_list_requires_auth" time="0.107" /><testcase classname="backend.tests.test_shop_insights_apis.TestAuthRequired" name="test_api_keys_requires_auth" time="0.106" /><testcase classname="backend.tests.test_shop_insights_apis.TestAuthRequired" name="test_onboarding_requires_auth" time="0.108" /><testcase classname="backend.tests.test_shop_insights_apis.TestAuthRequired" name="test_insights_analyze_requires_auth" time="0.117" /><testcase classname="backend.tests.test_shop_insights_apis.TestAuthRequired" name="test_stats_requires_auth" time="0.103" /><testcase classname="backend.tests.test_shop_insights_apis.TestCleanup" name="test_cleanup_test_shops" time="1.430" /></testsuite></testsuites>