<?xml version="1.0" encoding="utf-8"?><testsuites name="pytest tests"><testsuite name="pytest" errors="0" failures="0" skipped="0" tests="26" time="7.017" timestamp="2026-02-16T12:40:36.402466+00:00" hostname="agent-env-9d96e2d5-5906-4cf6-9e39-f9a07e5ed832"><testcase classname="backend.tests.test_unified_payment.TestPaymentMethods" name="test_get_payment_methods" time="0.298" /><testcase classname="backend.tests.test_unified_payment.TestPaymentMethods" name="test_payment_methods_korean_names" time="0.118" /><testcase classname="backend.tests.test_unified_payment.TestRequiredKeys" name="test_get_required_keys" time="0.099" /><testcase classname="backend.tests.test_unified_payment.TestStripeCheckout" name="test_create_stripe_checkout_starter" time="1.094" /><testcase classname="backend.tests.test_unified_payment.TestStripeCheckout" name="test_create_stripe_checkout_growth_yearly" time="0.570" /><testcase classname="backend.tests.test_unified_payment.TestKoreanPaymentMethods" name="test_create_kakaopay_checkout" time="0.479" /><testcase classname="backend.tests.test_unified_payment.TestKoreanPaymentMethods" name="test_create_naverpay_checkout" time="0.123" /><testcase classname="backend.tests.test_unified_payment.TestKoreanPaymentMethods" name="test_create_tosspayments_checkout" time="0.135" /><testcase classname="backend.tests.test_unified_payment.TestKoreanPaymentMethods" name="test_create_samsungpay_checkout" time="0.109" /><testcase classname="backend.tests.test_unified_payment.TestKoreanPaymentMethods" name="test_create_payco_checkout" time="0.108" /><testcase classname="backend.tests.test_unified_payment.TestPaymentStatus" name="test_get_payment_status" time="0.585" /><testcase classname="backend.tests.test_unified_payment.TestPaymentStatus" name="test_get_payment_status_nonexistent" time="0.112" /><testcase classname="backend.tests.test_unified_payment.TestPaymentStatus" name="test_get_payment_status_requires_auth" time="0.118" /><testcase classname="backend.tests.test_unified_payment.TestPaymentVerify" name="test_verify_payment_simulated" time="0.620" /><testcase classname="backend.tests.test_unified_payment.TestPaymentVerify" name="test_verify_payment_nonexistent" time="0.136" /><testcase classname="backend.tests.test_unified_payment.TestPaymentVerify" name="test_verify_payment_requires_auth" time="0.135" /><testcase classname="backend.tests.test_unified_payment.TestCheckoutErrors" name="test_checkout_free_plan_error" time="0.529" /><testcase classname="backend.tests.test_unified_payment.TestCheckoutErrors" name="test_checkout_enterprise_plan_error" time="0.117" /><testcase classname="backend.tests.test_unified_payment.TestCheckoutErrors" name="test_checkout_invalid_plan_error" time="0.127" /><testcase classname="backend.tests.test_unified_payment.TestCheckoutErrors" name="test_checkout_invalid_payment_method_error" time="0.104" /><testcase classname="backend.tests.test_unified_payment.TestAuthRequired" name="test_unified_checkout_requires_auth" time="0.124" /><testcase classname="backend.tests.test_unified_payment.TestAuthRequired" name="test_unified_verify_requires_auth" time="0.112" /><testcase classname="backend.tests.test_unified_payment.TestAuthRequired" name="test_unified_status_requires_auth" time="0.116" /><testcase classname="backend.tests.test_unified_payment.TestAuthRequired" name="test_payment_methods_no_auth_required" time="0.159" /><testcase classname="backend.tests.test_unified_payment.TestAuthRequired" name="test_required_keys_no_auth_required" time="0.117" /><testcase classname="backend.tests.test_unified_payment.TestDataPersistence" name="test_checkout_creates_transaction_record" time="0.565" /></testsuite></testsuites>