<?xml version="1.0" encoding="utf-8"?><testsuites name="pytest tests"><testsuite name="pytest" errors="0" failures="0" skipped="0" tests="17" time="14.771" timestamp="2026-02-16T08:04:37.100561+00:00" hostname="agent-env-facd0f76-e533-4bdf-ac37-a695b53ef857"><testcase classname="tests.test_url_routing.TestURLRouting" name="test_naver_smartstore_url_routing" time="1.438" /><testcase classname="tests.test_url_routing.TestURLRouting" name="test_naver_brand_url_routing" time="1.233" /><testcase classname="tests.test_url_routing.TestURLRouting" name="test_naver_shopping_url_routing" time="1.834" /><testcase classname="tests.test_url_routing.TestURLRouting" name="test_coupang_url_routing" time="0.724" /><testcase classname="tests.test_url_routing.TestURLRouting" name="test_11st_url_routing" time="1.810" /><testcase classname="tests.test_url_routing.TestURLRouting" name="test_gmarket_url_routing" time="0.766" /><testcase classname="tests.test_url_routing.TestURLRouting" name="test_generic_url_text_extraction" time="0.560" /><testcase classname="tests.test_url_routing.TestURLRouting" name="test_generic_url_with_path" time="0.574" /><testcase classname="tests.test_url_routing.TestURLRouting" name="test_empty_url_error" time="0.426" /><testcase classname="tests.test_url_routing.TestURLRouting" name="test_invalid_url_format_error" time="0.435" /><testcase classname="tests.test_url_routing.TestURLRouting" name="test_unauthorized_access" time="1.002" /><testcase classname="tests.test_url_routing.TestDetectShoppingPlatform" name="test_amazon_url_detection" time="0.667" /><testcase classname="tests.test_url_routing.TestDetectShoppingPlatform" name="test_aliexpress_url_detection" time="1.060" /><testcase classname="tests.test_url_routing.TestDetectShoppingPlatform" name="test_auction_url_detection" time="0.726" /><testcase classname="tests.test_url_routing.TestCrawlEndpoints" name="test_get_supported_platforms" time="0.436" /><testcase classname="tests.test_url_routing.TestCrawlEndpoints" name="test_create_sample_crawl_data" time="0.533" /><testcase classname="tests.test_url_routing.TestCrawlEndpoints" name="test_get_crawl_history" time="0.455" /></testsuite></testsuites>